[Wed May 09 11:03:25 UTC 2018] picard.sam.markduplicates.MarkDuplicates INPUT=[/home/ubuntu/Notebooks/CWL/json/wes_map_process-cwl-2018-05-09-110316.420/root/sambamba_sort/sample.sort.bam] OUTPUT=sample.dedubbed.bam METRICS_FILE=dedubbed.metrics.txt VALIDATION_STRINGENCY=SILENT CREATE_INDEX=true    MAX_SEQUENCES_FOR_DISK_READ_ENDS_MAP=50000 MAX_FILE_HANDLES_FOR_READ_ENDS_MAP=8000 SORTING_COLLECTION_SIZE_RATIO=0.25 REMOVE_SEQUENCING_DUPLICATES=false TAGGING_POLICY=DontTag REMOVE_DUPLICATES=false ASSUME_SORTED=false DUPLICATE_SCORING_STRATEGY=SUM_OF_BASE_QUALITIES PROGRAM_RECORD_ID=MarkDuplicates PROGRAM_GROUP_NAME=MarkDuplicates READ_NAME_REGEX=<optimized capture of last three ':' separated fields as numeric values> OPTICAL_DUPLICATE_PIXEL_DISTANCE=100 VERBOSITY=INFO QUIET=false COMPRESSION_LEVEL=5 MAX_RECORDS_IN_RAM=500000 CREATE_MD5_FILE=false GA4GH_CLIENT_SECRETS=client_secrets.json
[Wed May 09 11:03:25 UTC 2018] Executing as ubuntu@ip-172-31-1-35 on Linux 4.4.0-121-generic amd64; OpenJDK 64-Bit Server VM 1.8.0_162-8u162-b12-0ubuntu0.16.04.2-b12; Picard version: 2.9.0-1-gf5b9f50-SNAPSHOT
INFO	2018-05-09 11:03:25	MarkDuplicates	Start of doWork freeMemory: 121164288; totalMemory: 126877696; maxMemory: 3817865216
INFO	2018-05-09 11:03:25	MarkDuplicates	Reading input file and constructing read end information.
INFO	2018-05-09 11:03:25	MarkDuplicates	Will retain up to 14684096 data points before spilling to disk.
WARNING	2018-05-09 11:03:25	AbstractOpticalDuplicateFinderCommandLineProgram	A field field parsed out of a read name was expected to contain an integer and did not. Read name: SRR316957.4796926. Cause: String 'SRR316957.4796926' did not start with a parsable number.
INFO	2018-05-09 11:03:26	MarkDuplicates	Read 344 records. 0 pairs never matched.
INFO	2018-05-09 11:03:26	MarkDuplicates	After buildSortedReadEndLists freeMemory: 65420912; totalMemory: 186122240; maxMemory: 3817865216
INFO	2018-05-09 11:03:26	MarkDuplicates	Will retain up to 119308288 duplicate indices before spilling to disk.
INFO	2018-05-09 11:03:26	MarkDuplicates	Traversing read pair information and detecting duplicates.
INFO	2018-05-09 11:03:26	MarkDuplicates	Traversing fragment information and detecting duplicates.
INFO	2018-05-09 11:03:26	MarkDuplicates	Sorting list of duplicate records.
INFO	2018-05-09 11:03:26	MarkDuplicates	After generateDuplicateIndexes freeMemory: 183744256; totalMemory: 1140850688; maxMemory: 3817865216
INFO	2018-05-09 11:03:26	MarkDuplicates	Marking 0 records as duplicates.
INFO	2018-05-09 11:03:26	MarkDuplicates	Found 0 optical duplicate clusters.
INFO	2018-05-09 11:03:26	MarkDuplicates	Reads are assumed to be ordered by: coordinate
INFO	2018-05-09 11:03:27	MarkDuplicates	Before output close freeMemory: 1136752224; totalMemory: 1140850688; maxMemory: 3817865216
INFO	2018-05-09 11:03:27	MarkDuplicates	After output close freeMemory: 1137071552; totalMemory: 1140850688; maxMemory: 3817865216
[Wed May 09 11:03:27 UTC 2018] picard.sam.markduplicates.MarkDuplicates done. Elapsed time: 0.02 minutes.
Runtime.totalMemory()=1140850688